
---------------------------------------------
FUNDAM.ADMON Y GERENCIA (ADMI)
   - - @0930 - 1050[L    I    V](08/08/17 to 25/11/17)
---------------------------------------------
FUNDAM.ADMON Y GERENCIA
   - - @0630 - 0750[L      J](08/08/17 to 25/11/17)
---------------------------------------------
FUNDAM.ADMON Y GERENCIA
   - - @0630 - 0750[M    J](08/08/17 to 25/11/17)
---------------------------------------------
FUNDAM.ADMON Y GERENCIA
   - - @0630 - 0750[L    I](08/08/17 to 25/11/17)
---------------------------------------------
FUNDAM.ADMON Y GERENCIA
   - - @0800 - 0920[L    I](08/08/17 to 25/11/17)
---------------------------------------------
SERVICIOS ECOSISTÉMICOS
   - - @0930 - 1050[L    I](08/08/17 to 25/11/17)
---------------------------------------------
SERVICIOS ECOSISTÉMICOS
   - - @1700 - 1820[L    I](08/08/17 to 25/11/17)
---------------------------------------------
SERVICIOS ECOSISTÉMICOS
   - - @0630 - 0750[I    V](08/08/17 to 25/11/17)
---------------------------------------------
PLANEACION FINANCIERA
   - - @0630 - 0750[L      J](08/08/17 to 25/11/17)
---------------------------------------------
PLANEACION FINANCIERA
   - - @1400 - 1520[L    I](08/08/17 to 25/11/17)
---------------------------------------------
PLANEACION FINANCIERA
   - - @0630 - 0750[M      V](08/08/17 to 25/11/17)
---------------------------------------------
PLANEACION FINANCIERA
   - - @1100 - 1220[M      V](08/08/17 to 25/11/17)
---------------------------------------------
TALLER HABILIDADES INFORMATICA
   - - @0800 - 0920[V](08/08/17 to 25/11/17)
---------------------------------------------
TALLER HABILIDADES INFORMATICA
   - - @0630 - 0750[J](08/08/17 to 25/11/17)
---------------------------------------------
TALLER HABILIDADES INFORMATICA
   - - @1400 - 1520[M](08/08/17 to 25/11/17)
---------------------------------------------
TALLER HABILIDADES INFORMATICA
   - - @1400 - 1520[M](08/08/17 to 25/11/17)
---------------------------------------------
TALLER HABILIDADES INFORMATICA
   - - @1100 - 1220[M](08/08/17 to 25/11/17)
---------------------------------------------
TALLER HABILIDADES INFORMATICA
   - - @0930 - 1050[V](08/08/17 to 25/11/17)
---------------------------------------------
TALLER HABILIDADES INFORMATICA
   - - @0630 - 0750[L](08/08/17 to 25/11/17)
---------------------------------------------
TALLER DE CREATIVIDAD
   - - @0630 - 0920[L](08/08/17 to 25/11/17)
---------------------------------------------
TALLER DE CREATIVIDAD
   - - @0800 - 1050[M](08/08/17 to 25/11/17)
---------------------------------------------
TALLER DE CREATIVIDAD (INGLES)
   - - @0800 - 1050[I](08/08/17 to 25/11/17)
---------------------------------------------
TALLER DE CREATIVIDAD
   - - @1400 - 1650[L](08/08/17 to 25/11/17)
---------------------------------------------
TALLER AUTOCONOCIMIENTO
   - - @0630 - 0920[L](08/08/17 to 25/11/17)
---------------------------------------------
TALLER AUTOCONOCIMIENTO
   - - @0800 - 1050[V](08/08/17 to 25/11/17)
---------------------------------------------
TALLER AUTOCONOCIMIENTO
   - - @1400 - 1650[L](08/08/17 to 25/11/17)
---------------------------------------------
TALLER AUTOCONOCIMIENTO
   - - @1400 - 1650[V](08/08/17 to 25/11/17)
---------------------------------------------
TALLER AUTOCONOCIMIENTO
   - - @0930 - 1220[J](08/08/17 to 25/11/17)
---------------------------------------------
TALLER AUTOCONOCIMIENTO
   - - @0930 - 1220[L](08/08/17 to 25/11/17)
---------------------------------------------
TALLER AUTOCONOCIMIENTO
   - - @0930 - 1220[L](08/08/17 to 25/11/17)
---------------------------------------------
COMPORT. ORGANIZACION.(INGLES)
   - - @0800 - 0920[M      V](08/08/17 to 25/11/17)
---------------------------------------------
COMPORT. ORGANIZACIO. (INGLES)
   - - @1400 - 1520[L      J](08/08/17 to 25/11/17)
---------------------------------------------
COMPORT. ORGANIZACIONAL
   - - @0930 - 1050[M      V](08/08/17 to 25/11/17)
---------------------------------------------
COMPORT. ORGANIZACION.(INGLES)
   - - @1100 - 1220[L      J](08/08/17 to 25/11/17)
---------------------------------------------
COMPORT. ORGANIZACIONAL
   - - @1100 - 1220[M      V](08/08/17 to 25/11/17)
---------------------------------------------
HISTORIA DESARROLLO EMPRES.COL
   - - @1530 - 1650[L    I](08/08/17 to 25/11/17)
---------------------------------------------
HISTORIA DESARROLLO EMPRES.COL
   - - @1700 - 1820[L    I](08/08/17 to 25/11/17)
---------------------------------------------
HISTORIA DESARROLLO EMPRES.COL
   - - @1400 - 1520[L      J](08/08/17 to 25/11/17)
---------------------------------------------
HISTORIA DESARROLLO EMPRES.COL
   - - @1700 - 1820[L      J](08/08/17 to 25/11/17)
---------------------------------------------
RESPONSABILIDAD SOCIAL INGLES
   - - @0930 - 1050[V](08/08/17 to 25/11/17)
   - - @0930 - 1050[M](08/08/17 to 25/11/17)
---------------------------------------------
RESPONSABILIDAD SOCIAL
   - - @1100 - 1220[M    J](08/08/17 to 25/11/17)
---------------------------------------------
RESPONSABILIDAD SOCIAL
   - - @1100 - 1220[L      J](08/08/17 to 25/11/17)
---------------------------------------------
GERENCIA DE RECURSOS HUMANOS
   - - @1100 - 1220[L      J](08/08/17 to 25/11/17)
---------------------------------------------
GERENCIA DE RECURSOS HUMANOS
   - - @0800 - 0920[I    V](08/08/17 to 25/11/17)
---------------------------------------------
DECISIONES DE INVERSION
   - - @1100 - 1220[L    I](08/08/17 to 25/11/17)
---------------------------------------------
DECISIONES DE INVERSION
   - - @0930 - 1050[M      V](08/08/17 to 25/11/17)
---------------------------------------------
DECISIONES DE INVERSION
   - - @1400 - 1520[V](08/08/17 to 25/11/17)
   - - @1400 - 1520[M](08/08/17 to 25/11/17)
---------------------------------------------
FINANZAS 3: ESTRATEG. (INGLÉS)
   - - @1100 - 1220[M    J](08/08/17 to 25/11/17)
---------------------------------------------
FINANZAS 3:ESTRATEGIA
   - - @1100 - 1220[L      J](08/08/17 to 25/11/17)
---------------------------------------------
COMPORTAM.CONSUMIDOR (INGLES)
   - - @0800 - 0920[L    I](08/08/17 to 25/11/17)
---------------------------------------------
COMPORTAMIENTO DEL CONSUMIDOR
   - - @0800 - 0920[M    J](08/08/17 to 25/11/17)
---------------------------------------------
COLOMBIA Y SUS INSTIT.(ADMON)
   - - @1400 - 1520[L    I](08/08/17 to 25/11/17)
---------------------------------------------
COLOMBIA Y SUS INSTITUCIONES
   - - @1100 - 1220[J](08/08/17 to 25/11/17)
   - - @1100 - 1220[M](08/08/17 to 25/11/17)
---------------------------------------------
COLOMBIA Y SUS INSTITUCIONES
   - - @0630 - 0750[M    J](08/08/17 to 25/11/17)
---------------------------------------------
COLOMBIA Y SUS INSTITUCIONES
   - - @0800 - 0920[L      J](08/08/17 to 25/11/17)
---------------------------------------------
FUNDAMENTOS MERCADEO
   - - @0630 - 0750[L      J](08/08/17 to 25/11/17)
---------------------------------------------
FUNDAMENTOS DE MERCADEO
   - - @1100 - 1220[L    I](08/08/17 to 25/11/17)
---------------------------------------------
FUNDAMENTOS MERCADEO (INGLES)
   - - @0930 - 1050[M    J](08/08/17 to 25/11/17)
---------------------------------------------
FUNDAMENTOS DE MERCADEO
   - - @0630 - 0750[L      J](08/08/17 to 25/11/17)
---------------------------------------------
FUNDAMENTOS DE MERCADEO
   - - @0630 - 0750[L    I](08/08/17 to 25/11/17)
---------------------------------------------
FUNDAMENTOS DE MERCADEO
   - - @0630 - 0750[M      V](08/08/17 to 25/11/17)
---------------------------------------------
INVESTIGACION DE MERCADOS
   - - @1530 - 1650[L    I](08/08/17 to 25/11/17)
---------------------------------------------
INVESTIGACION DE MERCADOS
   - - @0630 - 0750[L      J](08/08/17 to 25/11/17)
---------------------------------------------
INVESTIGACION DE MERCADOS
   - - @0800 - 0920[L      J](08/08/17 to 25/11/17)
---------------------------------------------
OPERACIONES Y LOGISTICA
   - - @1400 - 1520[L    I](08/08/17 to 25/11/17)
---------------------------------------------
OPERACIONES Y LOGISTICA
   - - @1100 - 1220[L      J](08/08/17 to 25/11/17)
---------------------------------------------
OPERACIONES Y LOGIST. (INGLES)
   - - @1400 - 1520[M    J](08/08/17 to 25/11/17)
---------------------------------------------
ANALISIS ENTORNO COLOMBIANO
   - - @0930 - 1050[L    I](08/08/17 to 25/11/17)
---------------------------------------------
ANALISIS ENTORNO COLOMBIANO
   - - @1100 - 1220[L    I](08/08/17 to 25/11/17)
---------------------------------------------
ANALISIS ENTORNO COLOMBIANO
   - - @0800 - 0920[M    J](08/08/17 to 25/11/17)
---------------------------------------------
HERRAMIENTAS TOMA DECI I
   - - @0800 - 0920[M    J](08/08/17 to 25/11/17)
---------------------------------------------
HERRAMIENTAS TOMA DECI I
   - - @1100 - 1220[I    V](08/08/17 to 25/11/17)
---------------------------------------------
HERRAMIENTAS TOMA DECI II
   - - @1100 - 1220[L    I](08/08/17 to 25/11/17)
---------------------------------------------
HERRAMIENTAS TOMA DECI II
   - - @1400 - 1520[L    I](08/08/17 to 25/11/17)
---------------------------------------------
HERRAMIENTAS TOMA DECI II
   - - @0930 - 1050[M    J](08/08/17 to 25/11/17)
---------------------------------------------
ORGANIZACIONES
   - - @0630 - 0750[L      J](08/08/17 to 25/11/17)
---------------------------------------------
ORGANIZACIONES
   - - @0630 - 0750[M      V](08/08/17 to 25/11/17)
---------------------------------------------
ORGANIZACIONES
   - - @0800 - 0920[M      V](08/08/17 to 25/11/17)
---------------------------------------------
ORGANIZACIONES
   - - @0930 - 1050[L      J](08/08/17 to 25/11/17)
---------------------------------------------
ORGANIZACIONES
   - - @1100 - 1220[L      J](08/08/17 to 25/11/17)
---------------------------------------------
ORGANIZACIONES
   - - @1100 - 1220[I    V](08/08/17 to 25/11/17)
---------------------------------------------
LA GESTION DE LO PUBLICO
   - - @1100 - 1220[L    I](08/08/17 to 25/11/17)
---------------------------------------------
LA GESTION DE LO PUBLICO
   - - @1400 - 1520[M    J](08/08/17 to 25/11/17)
---------------------------------------------
LA GESTION DE LO PUBLICO
   - - @0930 - 1050[M    J](08/08/17 to 25/11/17)
---------------------------------------------
CONSULTORIA
   - - @1530 - 1650[M](08/08/17 to 25/11/17)
   - - @1400 - 1650[V](08/08/17 to 25/11/17)
---------------------------------------------
PLANES DE NEGOCIOS
   - - @1400 - 1520[L    I](08/08/17 to 25/11/17)
---------------------------------------------
EMPRENDI. INNOVACION.(INGLES)
   - - @1530 - 1650[L    I](08/08/17 to 25/11/17)
---------------------------------------------
EMPRENDIMIENTO E INNOVACION
   - - @1530 - 1650[L    I](08/08/17 to 25/11/17)
---------------------------------------------
EMPRENDIMIENTO E INNOVACION
   - - @1530 - 1650[L    I](08/08/17 to 25/11/17)
---------------------------------------------
EMPRENDIMIENTO E INNOVACION
   - - @1530 - 1650[L    I](08/08/17 to 25/11/17)
---------------------------------------------
EMPRENDIMIENTO E INNOVACION
   - - @1530 - 1650[L    I](08/08/17 to 25/11/17)
---------------------------------------------
EMPRENDIMIENTO E INNOVACION
   - - @1530 - 1650[L    I](08/08/17 to 25/11/17)
---------------------------------------------
JUEGO GERENCIAL
   - - @1700 - 1820[L](08/08/17 to 25/11/17)
   - - @0630 - 0920[V](08/08/17 to 25/11/17)
---------------------------------------------
JUEGO GERENCIAL
   - - @1700 - 1820[L](08/08/17 to 25/11/17)
   - - @0630 - 0920[M](08/08/17 to 25/11/17)
---------------------------------------------
JUEGO GERENCIAL
   - - @1700 - 1950[M](08/08/17 to 25/11/17)
   - - @1700 - 1820[L](08/08/17 to 25/11/17)
---------------------------------------------
JUEGO GERENCIAL
   - - @1700 - 1950[I](08/08/17 to 25/11/17)
   - - @1700 - 1820[L](08/08/17 to 25/11/17)
---------------------------------------------
GESTIÓN CULT.:NOCIONES BÁSICAS
   - - @1100 - 1220[M      V](08/08/17 to 25/11/17)
---------------------------------------------
GERENCIA AMBIENTAL (INGLES)
   - - @0800 - 0920[L      J](08/08/17 to 25/11/17)
---------------------------------------------
MODELOS DE LIDERAZGO
   - - @1230 - 1520[L](08/08/17 to 25/11/17)
---------------------------------------------
EMPRESAS FAMILIA:CIELO-INFIERN
   - - @1100 - 1220[M      V](08/08/17 to 25/11/17)
---------------------------------------------
OPCION DE GRADO (ESTRATEGIA)
   - - @0930 - 1050[L      J](08/08/17 to 25/11/17)
---------------------------------------------
OPCION DE GRADO-TG (MERCADEO)
   - - @1400 - 1520[L    I](08/08/17 to 25/11/17)
---------------------------------------------
OPCION DE GRADO-TG (FINANZAS)
   - - @0930 - 1050[L    I](08/08/17 to 25/11/17)
---------------------------------------------
OPCION GRADO (ORGANIZACIONES)
   - - @1700 - 1950[I](08/08/17 to 25/11/17)
---------------------------------------------
OPCION DE GRADO (GESTIÓN)
   - - @1400 - 1520[L      J](08/08/17 to 25/11/17)
---------------------------------------------
FINANZAS PERSONALES
   - - @1100 - 1220[M    J](08/08/17 to 25/11/17)
---------------------------------------------
MERCADO DE CAPITALES
   - - @0930 - 1050[J](08/08/17 to 25/11/17)
   - - @0930 - 1050[M](08/08/17 to 25/11/17)
---------------------------------------------
MERCADOS DERIVADOS
   - - @1230 - 1350[V](08/08/17 to 25/11/17)
   - - @1230 - 1350[M](08/08/17 to 25/11/17)
---------------------------------------------
MERCADOS DERIVADOS (INGLES)
   - - @1400 - 1520[M    J](08/08/17 to 25/11/17)
---------------------------------------------
MARKETING COMMUNICATIONS
   - - @0800 - 0920[L      J](08/08/17 to 25/11/17)
---------------------------------------------
MERCADEO VERDE
   - - @0800 - 0920[I](08/08/17 to 25/11/17)
   - - @0800 - 0920[L](08/08/17 to 25/11/17)
---------------------------------------------
MERCADEO INTERNACIONAL
   - - @1100 - 1220[L      J](08/08/17 to 25/11/17)
---------------------------------------------
SALES AND DISTRIBUTION MANAGEM
   - - @0930 - 1050[M      V](08/08/17 to 25/11/17)
---------------------------------------------
OPCIONES REALES
   - - @1400 - 1520[L    I](08/08/17 to 25/11/17)
---------------------------------------------
FINANCIACIÓN DE EMPRENDIMIENT
   - - @1100 - 1220[L    I](08/08/17 to 25/11/17)
---------------------------------------------
MARK. CULTU. AND ARTS(ESPAÑOL)
   - - @0800 - 0920[M    J](08/08/17 to 25/11/17)
---------------------------------------------
SISTEM. INFORMACGER.(INGLES)
   - - @1100 - 1220[L      J](08/08/17 to 25/11/17)
---------------------------------------------
SISTEMAS INFORMACION GERENCIAL
   - - @1400 - 1520[L      J](08/08/17 to 25/11/17)
---------------------------------------------
SISTEMAS INFORMACION GERENCIAL
   - - @1400 - 1520[J](08/08/17 to 25/11/17)
   - - @1400 - 1520[M](08/08/17 to 25/11/17)
---------------------------------------------
INTEL.NEGOC.MERCAD.RELAC.(CRM)
   - - @0930 - 1050[M    J](08/08/17 to 25/11/17)
---------------------------------------------
MARKETING DIGITAL
   - - @1230 - 1350[L    I](08/08/17 to 25/11/17)
---------------------------------------------
ESTRATEGIA
   - - @1100 - 1220[M    J](08/08/17 to 25/11/17)
---------------------------------------------
ESTRATEGIA
   - - @0800 - 0920[L      J](08/08/17 to 25/11/17)
---------------------------------------------
ESTRATEGIA
   - - @0630 - 0750[M    J](08/08/17 to 25/11/17)
---------------------------------------------
SERVICE MANAGEMENT
   - - @0630 - 0750[J](08/08/17 to 25/11/17)
   - - @0630 - 0750[M](08/08/17 to 25/11/17)
---------------------------------------------
INTROD. LOGÍSTICA HUMANITARIA
   - - @0930 - 1050[L      J](08/08/17 to 25/11/17)
---------------------------------------------
TALL. HABILIDADES GERENC.
   - - @1700 - 1950[L](08/08/17 to 25/11/17)
---------------------------------------------
TÉCNICAS DE NEGOCIACIÓN
   - - @1200 - 1430[M      V](08/08/17 to 25/11/17)
---------------------------------------------
TALLER DE INNOVACION
   - - @1700 - 1950[I](08/08/17 to 25/11/17)
---------------------------------------------
ESTRATEGIAS DE NEGOCIACION
   - - @0800 - 1050[M](08/08/17 to 25/11/17)
---------------------------------------------
ALIMENTOS Y OPORTUN.EMPRENDED.
   - - @0930 - 1050[M    J](08/08/17 to 25/11/17)
---------------------------------------------
MERCADEO DEPORTIVO
   - - @0630 - 0750[M      V](08/08/17 to 25/11/17)
---------------------------------------------
NEGOCIOS INTERNACIONALES
   - - @0930 - 1050[L      J](08/08/17 to 25/11/17)
---------------------------------------------
NEGOCIOS INTERNACIONALES
   - - @0930 - 1050[L    I](08/08/17 to 25/11/17)
---------------------------------------------
NEGOCIOS INTERNACIONALES
   - - @0800 - 0920[M      V](08/08/17 to 25/11/17)
---------------------------------------------
MERCADOS EMERGENTES
   - - @0800 - 0920[M      V](08/08/17 to 25/11/17)
---------------------------------------------
TALLER DE INDUCCIÓN
   - - @0800 - 0920[M](08/08/17 to 25/11/17)
---------------------------------------------
FUNDAMENTOS DE ANTROPOLOGIA
   - - @1100 - 1220[I](08/08/17 to 25/11/17)
   - - @1100 - 1220[L](08/08/17 to 25/11/17)
---------------------------------------------
METODOS CUALITATIVOS DE INVEST
   - - @1400 - 1650[V](08/08/17 to 25/11/17)
---------------------------------------------
METODOS CUALITATIVOS DE INVEST
   - - @1400 - 1650[V](08/08/17 to 25/11/17)
---------------------------------------------
LA CONDICION HUMANA
   - - @1100 - 1220[M      V](08/08/17 to 25/11/17)
---------------------------------------------
PENSAMIENTO INDIGENA
   - - @1100 - 1220[M    J](08/08/17 to 25/11/17)
---------------------------------------------
NATURALEZA Y CULTURA
   - - @1100 - 1220[I](08/08/17 to 25/11/17)
   - - @1100 - 1220[L](08/08/17 to 25/11/17)
---------------------------------------------
THE CITY:HIST.ECON.POL.SOC.CUL
   - - @0930 - 1050[L    I](08/08/17 to 25/11/17)
---------------------------------------------
TRES MOMENTOS HISTORICOS
   - - @0930 - 1050[I    V](08/08/17 to 25/11/17)
---------------------------------------------
DIVERSIDAD HUMANA
   - - @1230 - 1350[I    V](08/08/17 to 25/11/17)
---------------------------------------------
CAPITALISMO: HRIA Y CULTURA
   - - @0800 - 0920[M    J](08/08/17 to 25/11/17)
---------------------------------------------
FUNDAMENTOS DE ARQUEOLOGIA
   - - @1530 - 1650[M    J](08/08/17 to 25/11/17)
---------------------------------------------
AZTECAS, MAYAS E INCAS
   - - @0930 - 1050[M    J](08/08/17 to 25/11/17)
---------------------------------------------
DE EVOLUCION CULTURA HUMANA
   - - @0800 - 0920[M    J](08/08/17 to 25/11/17)
---------------------------------------------
ANTROPOLOGÍA BIOLÓGICA
   - - @1100 - 1220[M    J](08/08/17 to 25/11/17)
---------------------------------------------
INSTRUMENTOS DE INVESTIGACION
   - - @1700 - 1950[J](08/08/17 to 25/11/17)
---------------------------------------------
PROBLEMAS ANTROPOLOGICOS DEL D
   - - @0800 - 0920[M      V](08/08/17 to 25/11/17)
---------------------------------------------
ORGANIZACION SOCIAL
   - - @1230 - 1350[L    I](08/08/17 to 25/11/17)
---------------------------------------------
TALLER ESCRITURA ESC.CAMPO2017
   - - @1700 - 1950[J](08/08/17 to 25/11/17)
---------------------------------------------
TALLER PRODUCCION DOCUMENTALES
   - - @1400 - 1650[M](08/08/17 to 25/11/17)
---------------------------------------------
ARQUEOLOGIA DE COLOMBIA
   - - @0930 - 1050[L    I](08/08/17 to 25/11/17)
---------------------------------------------
METODO DE ANALISIS LINGÜISTICO
   - - @0930 - 1050[M    J](08/08/17 to 25/11/17)
---------------------------------------------
ESCUELAS ANTROPOLOGICAS 2
   - - @0800 - 0920[L    I](08/08/17 to 25/11/17)
---------------------------------------------
SM ARTE-TECNOLOG DE LA MEMORIA
   - - @1700 - 1950[M    J](08/08/17 to 25/11/17)
---------------------------------------------
SM EDUCACION Y FLIA AME LATINA
   - - @1400 - 1650[L](08/08/17 to 25/11/17)
---------------------------------------------
METODOLOGIA DE PRACTICA
   - - @1700 - 1950[I](08/08/17 to 25/11/17)
---------------------------------------------
DISEÑO DE MONOGRAFIA
   - - @1700 - 1950[I](08/08/17 to 25/11/17)
---------------------------------------------
ESCUELAS ANTROPOLOGICAS 2
   - - @0800 - 0920[L    I](08/08/17 to 25/11/17)
---------------------------------------------
ORGANIZACION SOCIAL
   - - @1230 - 1350[L    I](08/08/17 to 25/11/17)
---------------------------------------------
COLOQUIO DE INVESTIGACIONES
   - - @1400 - 1650[I](08/08/17 to 25/11/17)
---------------------------------------------
ACOMPAÑAMIENTO ARQU
   - - @1100 - 1220[V](08/08/17 to 25/11/17)
---------------------------------------------
TALLER DE COMPOSICION 1
   - - @0800 - 1050[M](08/08/17 to 25/11/17)
---------------------------------------------
TALLER DE COMPOSICION 1
   - - @0800 - 1050[M](08/08/17 to 25/11/17)
---------------------------------------------
TALLER DE COMPOSICION 1
   - - @0800 - 1050[M](08/08/17 to 25/11/17)
---------------------------------------------
TALLER DE COMPOSICION 1
   - - @0800 - 1050[M](08/08/17 to 25/11/17)
---------------------------------------------
TALLER DE COMPOSICION 1
   - - @0800 - 1050[M](08/08/17 to 25/11/17)
---------------------------------------------
TALLER DE COMPOSICION 2
   - - @1530 - 1820[I](08/08/17 to 25/11/17)
---------------------------------------------
TALLER DE COMPOSICION 2
   - - @1530 - 1820[I](08/08/17 to 25/11/17)
---------------------------------------------
TALLER DE COMPOSICION 2
   - - @1530 - 1820[I](08/08/17 to 25/11/17)
---------------------------------------------
TALLER DE COMPOSICION 2
   - - @1530 - 1820[I](08/08/17 to 25/11/17)
---------------------------------------------
TALLER DE COMPOSICION 2
   - - @1530 - 1820[I](08/08/17 to 25/11/17)
---------------------------------------------
TALLER DE HISTORIA 1
   - - @0800 - 1050[V](08/08/17 to 25/11/17)
---------------------------------------------
TALLER DE HISTORIA 1
   - - @0800 - 1050[V](08/08/17 to 25/11/17)
---------------------------------------------
TALLER DE HISTORIA 1
   - - @0800 - 1050[V](08/08/17 to 25/11/17)
---------------------------------------------
TALLER DE HISTORIA 1
   - - @0800 - 1050[V](08/08/17 to 25/11/17)
---------------------------------------------
TALLER DE HISTORIA 1
   - - @0800 - 1050[V](08/08/17 to 25/11/17)
---------------------------------------------
TALLER DE HISTORIA 2
   - - @1530 - 1820[J](08/08/17 to 25/11/17)
---------------------------------------------
TALLER DE HISTORIA 2
   - - @1530 - 1820[J](08/08/17 to 25/11/17)
---------------------------------------------
TALLER DE HISTORIA 2
   - - @1530 - 1820[J](08/08/17 to 25/11/17)
---------------------------------------------
TALLER DE HISTORIA 2
   - - @1530 - 1820[J](08/08/17 to 25/11/17)
---------------------------------------------
TALLER DE HISTORIA 2
   - - @1530 - 1820[J](08/08/17 to 25/11/17)
---------------------------------------------
LA HISTORIA DE UNA CASA
   - - @1230 - 1350[I](08/08/17 to 25/11/17)
   - - @1230 - 1350[L](08/08/17 to 25/11/17)
---------------------------------------------
HIST PROPORCIONES ARTE Y ARQU
   - - @1230 - 1350[M    J](08/08/17 to 25/11/17)
---------------------------------------------
ARQUITEC. CUERPO Y PERCEPCIÓN
   - - @1400 - 1520[M      V](08/08/17 to 25/11/17)
---------------------------------------------
GRANDES OBRAS ARQU RENACIMIEN
   - - @1230 - 1350[L        V](08/08/17 to 25/11/17)
---------------------------------------------
TALLER TECNICO 1
   - - @0800 - 1050[I](08/08/17 to 25/11/17)
---------------------------------------------
TALLER TECNICO 1
   - - @0800 - 1050[I](08/08/17 to 25/11/17)
---------------------------------------------
TALLER TECNICO 1
   - - @0800 - 1050[I](08/08/17 to 25/11/17)
---------------------------------------------
TALLER TECNICO 1
   - - @0800 - 1050[I](08/08/17 to 25/11/17)
---------------------------------------------
TALLER TECNICO 1
   - - @0800 - 1050[I](08/08/17 to 25/11/17)
---------------------------------------------
TALLER TECNICO 2
   - - @1530 - 1820[V](08/08/17 to 25/11/17)
---------------------------------------------
TALLER TECNICO 2
   - - @1530 - 1820[V](08/08/17 to 25/11/17)
---------------------------------------------
TALLER TECNICO 2
   - - @1530 - 1820[V](08/08/17 to 25/11/17)
---------------------------------------------
TALLER TECNICO 2
   - - @1530 - 1820[V](08/08/17 to 25/11/17)
---------------------------------------------
TALLER TECNICO 2
   - - @1530 - 1820[V](08/08/17 to 25/11/17)
---------------------------------------------
CIUDAD Y TECNICA
   - - @1100 - 1220[M      V](08/08/17 to 25/11/17)
---------------------------------------------
RASCACIELOS CIUDAD VERTICAL
   - - @0930 - 1050[M      V](08/08/17 to 25/11/17)
---------------------------------------------
TALLER CIUDAD 1
   - - @0800 - 1050[J](08/08/17 to 25/11/17)
---------------------------------------------
TALLER CIUDAD 1
   - - @0800 - 1050[J](08/08/17 to 25/11/17)
---------------------------------------------
TALLER CIUDAD 1
   - - @0800 - 1050[J](08/08/17 to 25/11/17)
---------------------------------------------
TALLER CIUDAD 1
   - - @0800 - 1050[J](08/08/17 to 25/11/17)
---------------------------------------------
TALLER CIUDAD 1
   - - @0800 - 1050[J](08/08/17 to 25/11/17)
---------------------------------------------
TALLER CIUDAD 2
   - - @1530 - 1820[M](08/08/17 to 25/11/17)
---------------------------------------------
TALLER CIUDAD 2
   - - @1530 - 1820[M](08/08/17 to 25/11/17)
---------------------------------------------
TALLER CIUDAD 2
   - - @1530 - 1820[M](08/08/17 to 25/11/17)
---------------------------------------------
TALLER CIUDAD 2
   - - @1530 - 1820[M](08/08/17 to 25/11/17)
---------------------------------------------
TALLER CIUDAD 2
   - - @1530 - 1820[M](08/08/17 to 25/11/17)
---------------------------------------------
VISUALIZACION Y SIMULACIÓN ARQ
   - - @0930 - 1220[J](08/08/17 to 25/11/17)
---------------------------------------------
DIBUJO ARQUITECTONICO ANALOGO
   - - @1230 - 1520[J](08/08/17 to 25/11/17)
---------------------------------------------
DIBUJO ARQUITECTONICO ANALOGO
   - - @1230 - 1520[M](08/08/17 to 25/11/17)
---------------------------------------------
DIBUJO ARQUITECTONICO ANALOGO
   - - @1230 - 1520[M](08/08/17 to 25/11/17)
---------------------------------------------
DIBUJO ARQUITECTONICO ANALOGO
   - - @1230 - 1520[I](08/08/17 to 25/11/17)
---------------------------------------------
DIBUJO ARQUITECTONICO ANALOGO
   - - @1230 - 1520[J](08/08/17 to 25/11/17)
---------------------------------------------
DIBUJO ARQUITECTONICO DIGITAL
   - - @0930 - 1220[M](08/08/17 to 25/11/17)
---------------------------------------------
HERRAMIENTAS DIGITALES
   - - @0930 - 1220[V](08/08/17 to 25/11/17)
---------------------------------------------
PROYECTO HABITAR
   - - @1230 - 1520[M      V](08/08/17 to 25/11/17)
---------------------------------------------
PROYECTO HABITAR
   - - @1230 - 1520[M      V](08/08/17 to 25/11/17)
---------------------------------------------
PROYECTO HABITAR
   - - @1230 - 1520[M      V](08/08/17 to 25/11/17)
---------------------------------------------
PROYECTO HABITAR
   - - @1230 - 1520[M      V](08/08/17 to 25/11/17)
---------------------------------------------
PROYECTO HABITAR
   - - @1230 - 1520[M      V](08/08/17 to 25/11/17)
---------------------------------------------
PROYECTO TECTONICA
   - - @1230 - 1520[L      J](08/08/17 to 25/11/17)
---------------------------------------------
PROYECTO TECTONICA
   - - @1230 - 1520[L      J](08/08/17 to 25/11/17)
---------------------------------------------
PROYECTO TECTONICA
   - - @1230 - 1520[L      J](08/08/17 to 25/11/17)
---------------------------------------------
PROYECTO TECTONICA
   - - @1230 - 1520[L      J](08/08/17 to 25/11/17)
---------------------------------------------
PROYECTO TECTONICA
   - - @1230 - 1520[L      J](08/08/17 to 25/11/17)
---------------------------------------------
PROYECTO  LUGAR
   - - @1100 - 1350[M      V](08/08/17 to 25/11/17)
---------------------------------------------
PROYECTO  LUGAR
   - - @1100 - 1350[M      V](08/08/17 to 25/11/17)
---------------------------------------------
PROYECTO  LUGAR
   - - @1100 - 1350[M      V](08/08/17 to 25/11/17)
---------------------------------------------
PROYECTO  LUGAR
   - - @1100 - 1350[M      V](08/08/17 to 25/11/17)
---------------------------------------------
PROYECTO  LUGAR
   - - @1100 - 1350[M      V](08/08/17 to 25/11/17)
---------------------------------------------
ARQUETIPOS EN ARQUITECTURA
   - - @1700 - 1820[V](08/08/17 to 25/11/17)
   - - @1530 - 1650[M](08/08/17 to 25/11/17)
---------------------------------------------
ARQUETIPOS EN ARQUITECTURA
   - - @1530 - 1650[M](08/08/17 to 25/11/17)
   - - @0630 - 0750[V](08/08/17 to 25/11/17)
---------------------------------------------
ARQUITECTURA CLASICA
   - - @0930 - 1050[M    J](08/08/17 to 25/11/17)
---------------------------------------------
ARQUITECTURA CLASICA
   - - @1530 - 1650[M](08/08/17 to 25/11/17)
   - - @0630 - 0750[V](08/08/17 to 25/11/17)
---------------------------------------------
ARQUITECTURA MODERNA
   - - @1530 - 1650[M](08/08/17 to 25/11/17)
   - - @0930 - 1050[J](08/08/17 to 25/11/17)
---------------------------------------------
ARQUITECTURA MODERNA
   - - @1700 - 1820[V](08/08/17 to 25/11/17)
   - - @0930 - 1050[M](08/08/17 to 25/11/17)
---------------------------------------------
SISTEMAS DE SOPORTE
   - - @1700 - 1820[L](08/08/17 to 25/11/17)
   - - @0630 - 0750[J](08/08/17 to 25/11/17)
---------------------------------------------
SISTEMAS DE SOPORTE
   - - @1700 - 1820[L](08/08/17 to 25/11/17)
   - - @1230 - 1350[I](08/08/17 to 25/11/17)
---------------------------------------------
SISTEMAS DE HABITABILIDAD
   - - @0630 - 0720[M](08/08/17 to 25/11/17)
   - - @1530 - 1620[V](08/08/17 to 25/11/17)
   - - @0800 - 0850[M](08/08/17 to 25/11/17)
---------------------------------------------
SISTEMAS DE HABITABILIDAD
   - - @1530 - 1620[I    V](08/08/17 to 25/11/17)
   - - @0800 - 0850[M](08/08/17 to 25/11/17)
---------------------------------------------
SISTEMAS DE CONSTRUCCION Y EST
   - - @1530 - 1650[J](08/08/17 to 25/11/17)
   - - @0800 - 0920[M](08/08/17 to 25/11/17)
---------------------------------------------
SISTEMAS DE CONSTRUCCION Y EST
   - - @1530 - 1650[J](08/08/17 to 25/11/17)
   - - @0800 - 0920[M](08/08/17 to 25/11/17)
---------------------------------------------
PAISAJE URBANO
   - - @1700 - 1820[M](08/08/17 to 25/11/17)
   - - @0800 - 0920[V](08/08/17 to 25/11/17)
---------------------------------------------
PAISAJE URBANO
   - - @0800 - 0920[V](08/08/17 to 25/11/17)
   - - @0630 - 0750[I](08/08/17 to 25/11/17)
---------------------------------------------
PROYECTO URBANO
   - - @0800 - 0920[V](08/08/17 to 25/11/17)
   - - @0630 - 0750[I](08/08/17 to 25/11/17)
---------------------------------------------
PROYECTO URBANO
   - - @1100 - 1220[I](08/08/17 to 25/11/17)
   - - @0930 - 1050[V](08/08/17 to 25/11/17)
---------------------------------------------
TEORIAS URBANAS
   - - @1700 - 1820[I](08/08/17 to 25/11/17)
   - - @0800 - 0920[V](08/08/17 to 25/11/17)
---------------------------------------------
TEORIAS URBANAS
   - - @1100 - 1220[I    V](08/08/17 to 25/11/17)
---------------------------------------------
LA MAGIA DE LA GEOMETRIA
   - - @1100 - 1350[V](08/08/17 to 25/11/17)
---------------------------------------------
SEM BTA CIUDAD ABIERT COMP.URB
   - - @1100 - 1350[M](08/08/17 to 25/11/17)
---------------------------------------------
GESTION Y DESARROLLO PROY BIM
   - - @1400 - 1650[M](08/08/17 to 25/11/17)
---------------------------------------------
SEM ARQU LATINOAMERICANA
   - - @1400 - 1650[V](08/08/17 to 25/11/17)
---------------------------------------------
SUIZA: LAB DE ENCUENTRO N/S
   - - @0800 - 1050[M](08/08/17 to 25/11/17)
---------------------------------------------
SEM. ESTRUCTURAS MADERA
   - - @0800 - 1050[J](08/08/17 to 25/11/17)
---------------------------------------------
ARQU EN TIERRA CRUDA
   - - @0800 - 1050[V](08/08/17 to 25/11/17)
---------------------------------------------
ESCENARIOS FUTURO DE CIUDAD
   - - @1100 - 1350[V](08/08/17 to 25/11/17)
---------------------------------------------
TEORIA UI URBANO
   - - @1530 - 1650[L      J](08/08/17 to 25/11/17)
---------------------------------------------
PROY. UI ARQU URBANA
   - - @0930 - 1220[L      J](08/08/17 to 25/11/17)
---------------------------------------------
ANALISIS UI ARQU URBANA
   - - @0930 - 1220[I](08/08/17 to 25/11/17)
---------------------------------------------
PROY UI ARQU Y BELLEZA
   - - @1530 - 1820[L      J](08/08/17 to 25/11/17)
---------------------------------------------
ANALISIS UI ARQU Y BELLEZA
   - - @1530 - 1820[I](08/08/17 to 25/11/17)
---------------------------------------------
TEORIA UI ARQU Y BELLEZA
   - - @1100 - 1220[I    V](08/08/17 to 25/11/17)
---------------------------------------------
PROY UI INTERDISC COLOMBIA
   - - @0930 - 1220[L      J](08/08/17 to 25/11/17)
---------------------------------------------
ANALISIS UI INTERDISC COLOMBIA
   - - @0930 - 1220[I](08/08/17 to 25/11/17)
---------------------------------------------
TEORÍA UI INTERDISC COLOMBIA
   - - @0930 - 1050[M      V](08/08/17 to 25/11/17)
---------------------------------------------
PROY UI ARQU DEL PAISAJE
   - - @0930 - 1220[L      J](08/08/17 to 25/11/17)
---------------------------------------------
ANALISIS UI ARQU DEL PAISAJE
   - - @0930 - 1220[I](08/08/17 to 25/11/17)
---------------------------------------------
TEORIA UI ARQU DEL PAISAJE
   - - @1530 - 1650[L      J](08/08/17 to 25/11/17)
---------------------------------------------
PROY UI LAB COMPOSICION ARQU
   - - @1530 - 1820[L      J](08/08/17 to 25/11/17)
---------------------------------------------
ANALISIS UI LAB COMPOSICI ARQ
   - - @0930 - 1220[I](08/08/17 to 25/11/17)
---------------------------------------------
TEORIA UI LAB COMPOSICION ARQ
   - - @0800 - 0920[M    J](08/08/17 to 25/11/17)
---------------------------------------------
PROY UI MATERIALIDAD Y DISENO
   - - @1530 - 1820[L      J](08/08/17 to 25/11/17)
---------------------------------------------
ANALISIS UI MATERIALIDA Y DIS
   - - @1530 - 1820[I](08/08/17 to 25/11/17)
---------------------------------------------
TEORIA UI MATERIALIDAD Y DIS
   - - @0800 - 0920[I    V](08/08/17 to 25/11/17)
---------------------------------------------
PROY UI INNOVACION Y VIVIENDA
   - - @0930 - 1220[L      J](08/08/17 to 25/11/17)
---------------------------------------------
ANALISIS UI INNOVACION Y VIV
   - - @0930 - 1220[I](08/08/17 to 25/11/17)
---------------------------------------------
TEORIA UI INNOVACION Y VIV
   - - @0800 - 0920[L    I](08/08/17 to 25/11/17)
---------------------------------------------
PROYECTO UNIDAD AVANZADA GRP1
   - - @1530 - 1820[M      V](08/08/17 to 25/11/17)
---------------------------------------------
PROYECTO UNIDAD AVANZADA GRP1
   - - @1530 - 1820[M      V](08/08/17 to 25/11/17)
---------------------------------------------
PROYECTO UNIDAD AVANZADA GRP2
   - - @1530 - 1820[M      V](08/08/17 to 25/11/17)
---------------------------------------------
PROYECTO UNIDAD AVANZADA GRP2
   - - @1530 - 1820[M      V](08/08/17 to 25/11/17)
---------------------------------------------
PROYECTO UNIDAD AVANZADA GRP3
   - - @1530 - 1820[M      V](08/08/17 to 25/11/17)
---------------------------------------------
PROYECTO UNIDAD AVANZADA GRP3
   - - @1530 - 1820[M      V](08/08/17 to 25/11/17)
---------------------------------------------
PROYECTO UNIDAD AVANZADA GRP4
   - - @1530 - 1820[M      V](08/08/17 to 25/11/17)
---------------------------------------------
PROYECTO UNIDAD AVANZADA GRP4
   - - @1530 - 1820[M      V](08/08/17 to 25/11/17)
---------------------------------------------
TEORIA UNIDAD AVANZADA
   - - @1400 - 1520[L      J](08/08/17 to 25/11/17)
---------------------------------------------
ANÁLISIS UNIDAD AVANZADA GRP1
   - - @1400 - 1520[M      V](08/08/17 to 25/11/17)
---------------------------------------------
ANALISIS UNIDAD AVANZADA GRP2
   - - @1400 - 1520[M      V](08/08/17 to 25/11/17)
---------------------------------------------
ANÁLISIS UNIDAD AVANZADA  GRP3
   - - @1400 - 1520[M      V](08/08/17 to 25/11/17)
---------------------------------------------
ANÁLISIS UNIDAD AVANZADA  GRP4
   - - @1400 - 1520[M      V](08/08/17 to 25/11/17)
---------------------------------------------
ANALISIS DE CIUDAD Y ARQUITECT
   - - @1530 - 1820[M](08/08/17 to 25/11/17)
---------------------------------------------
TEORIA
   - - @1530 - 1820[J](08/08/17 to 25/11/17)
---------------------------------------------
LABORATORIO 2
   - - @1530 - 1820[I](08/08/17 to 25/11/17)
---------------------------------------------
TESIS 1
   - - @1530 - 1820[L](08/08/17 to 02/12/17)
---------------------------------------------
INDUCCION TALLERES Y LAB.
   - - @0800 - 1250[S](02/09/17 to 09/09/17)
---------------------------------------------
INDUCCION EQUIPOS AUDIOVISUAL
   - - @0800 - 1250[S](26/08/17 to 26/08/17)
---------------------------------------------
INDUCCIÓN AUDIOVISUALES AVANZA
   - - @0800 - 1650[S](02/09/17 to 09/09/17)
---------------------------------------------
CERAMICA TORNO
   - - @0800 - 1050[I    V](08/08/17 to 25/11/17)
---------------------------------------------
CERAMICA 1
   - - @0800 - 1050[M    J](08/08/17 to 25/11/17)
---------------------------------------------
CERAMICA 1
   - - @1100 - 1350[I    V](08/08/17 to 25/11/17)
---------------------------------------------
CERAMICA 1
   - - @1400 - 1650[M    J](08/08/17 to 25/11/17)
---------------------------------------------
FOTO BASICA 1
   - - @0930 - 1220[M    J](08/08/17 to 25/11/17)
---------------------------------------------
FOTO BASICA 1
   - - @1400 - 1650[L    I](08/08/17 to 25/11/17)
---------------------------------------------
FOTO BASICA 1
   - - @0630 - 0920[L    I](08/08/17 to 25/11/17)
---------------------------------------------
FOTO BASICA 1
   - - @1700 - 1950[M    J](08/08/17 to 25/11/17)
---------------------------------------------
FOTO BASICA 1
   - - @1400 - 1650[M    J](08/08/17 to 25/11/17)
---------------------------------------------
FOTO BASICA 1
   - - @0800 - 1350[S](08/08/17 to 25/11/17)
---------------------------------------------
FOTO BASICA 1
   - - @0630 - 0920[M    J](08/08/17 to 25/11/17)
---------------------------------------------
TALLER DE ILUMINACION
   - - @0930 - 1220[L    I](08/08/17 to 25/11/17)
---------------------------------------------
TALLER BASICO 1
   - - @0630 - 0920[L    I](08/08/17 to 25/11/17)
---------------------------------------------
TALLER BASICO 1
   - - @0930 - 1220[L    I](08/08/17 to 25/11/17)
---------------------------------------------
TALLER BASICO 1
   - - @0930 - 1220[M    J](08/08/17 to 25/11/17)
---------------------------------------------
TALLER BASICO 1
   - - @0930 - 1220[L        V](08/08/17 to 25/11/17)
---------------------------------------------
TALLER BASICO 2
   - - @0630 - 0920[V](08/08/17 to 25/11/17)
   - - @0630 - 0920[I](08/08/17 to 25/11/17)
---------------------------------------------
TALLER BASICO 2
   - - @0930 - 1220[V](08/08/17 to 25/11/17)
   - - @0930 - 1220[I](08/08/17 to 25/11/17)
---------------------------------------------
TALLER BASICO 2
   - - @0930 - 1220[J](08/08/17 to 25/11/17)
   - - @0930 - 1220[M](08/08/17 to 25/11/17)
---------------------------------------------
TALLER BASICO 2
   - - @1400 - 1650[J](08/08/17 to 25/11/17)
   - - @1400 - 1650[M](08/08/17 to 25/11/17)
---------------------------------------------
FOTO BÁSICA 2 :DIGITAL
   - - @1700 - 1950[L    I](08/08/17 to 25/11/17)
---------------------------------------------
DIBUJO CIENTIFICO BASICO
   - - @1400 - 1650[L](08/08/17 to 25/11/17)
---------------------------------------------
ACABADOS CERÁMICOS
   - - @1100 - 1350[M    J](08/08/17 to 25/11/17)
---------------------------------------------
FOTOGRAFIA IMAGEN PENSANTE
   - - @1700 - 1820[L    I](08/08/17 to 25/11/17)
---------------------------------------------
NUEVOS MEDIOS
   - - @0800 - 0920[L    I](08/08/17 to 25/11/17)
---------------------------------------------
TALLER DEL TIEMPO
   - - @1400 - 1650[J](08/08/17 to 25/11/17)
   - - @1400 - 1650[M](08/08/17 to 25/11/17)
---------------------------------------------
TALLER DEL TIEMPO
   - - @1400 - 1650[V](08/08/17 to 25/11/17)
   - - @1400 - 1650[I](08/08/17 to 25/11/17)
---------------------------------------------
TALLER DEL TIEMPO
   - - @0630 - 0920[I](08/08/17 to 25/11/17)
   - - @0630 - 0920[L](08/08/17 to 25/11/17)
---------------------------------------------
TALLER EXPRESION EXPERIMENTAL
   - - @0630 - 0920[M    J](08/08/17 to 25/11/17)
---------------------------------------------
TALLER EXPRESION EXPERIMENTAL
   - - @0930 - 1220[M    J](08/08/17 to 25/11/17)
---------------------------------------------
TALLER EXPRESION EXPERIMENTAL
   - - @0930 - 1220[I    V](08/08/17 to 25/11/17)
---------------------------------------------
TALLER EXPRESION EXPERIMENTAL
   - - @1400 - 1650[M    J](08/08/17 to 25/11/17)
---------------------------------------------
NARRATIVA AUDIOVISUAL
   - - @1400 - 1750[L](08/08/17 to 25/11/17)
---------------------------------------------
ARTE DIGITAL
   - - @0900 - 1250[V](08/08/17 to 25/11/17)
---------------------------------------------
CINE COLOMBIANO
   - - @1700 - 1950[I](08/08/17 to 25/11/17)
---------------------------------------------
LABORATORIO: ARTE Y LUZ
   - - @1400 - 1750[J](08/08/17 to 25/11/17)
---------------------------------------------
EL ARTISTA Y LA CIUDAD
   - - @1530 - 1650[L    I](08/08/17 to 25/11/17)
---------------------------------------------
ARTE Y EXPOSICIONES
   - - @1700 - 1820[L    I](08/08/17 to 25/11/17)
---------------------------------------------
PATRIMONIO CULTURAL
   - - @0800 - 0920[M    J](08/08/17 to 25/11/17)
---------------------------------------------
TALLER DE ARTES ESCENICAS
   - - @1000 - 1250[L](08/08/17 to 25/11/17)
---------------------------------------------
TALLER DE ESCENOGRAFIA
   - - @1400 - 1650[L    I](08/08/17 to 25/11/17)
---------------------------------------------
TALLER DE ARTES ESCENICAS 3
   - - @1700 - 1950[L](08/08/17 to 25/11/17)
---------------------------------------------
DIBUJO DEL CUERPO
   - - @1400 - 1650[M    J](08/08/17 to 25/11/17)
---------------------------------------------
FUNDAMENTOS DE PINTURA
   - - @0800 - 1350[I](08/08/17 to 25/11/17)
---------------------------------------------
DIBUJO DEL CUERPO-ARQUITECTURA
   - - @0930 - 1220[L](08/08/17 to 25/11/17)
---------------------------------------------
DIBUJO CONSTRUC. ESPACIAL-ARQU
   - - @0930 - 1220[J](08/08/17 to 25/11/17)
---------------------------------------------
FUNDAMENTOS DE DIBUJO
   - - @1400 - 1650[I    V](08/08/17 to 25/11/17)
---------------------------------------------
FUNDAMENTOS DE DIBUJO
   - - @0930 - 1220[M    J](08/08/17 to 25/11/17)
---------------------------------------------
FUNDAMENTOS DE ESCULTURA
   - - @0800 - 1050[M    J](08/08/17 to 25/11/17)
---------------------------------------------
DIBUJO Y OBJETO
   - - @0800 - 1050[L    I](08/08/17 to 25/11/17)
---------------------------------------------
PINTURA Y CUERPO
   - - @0800 - 1350[M](08/08/17 to 25/11/17)
---------------------------------------------
PINTURA Y OBJETO
   - - @0800 - 1350[V](08/08/17 to 25/11/17)
---------------------------------------------
PINTURA Y ESPACIO
   - - @0800 - 1350[I](08/08/17 to 25/11/17)
---------------------------------------------
ESCULTURA Y ESPACIO PUBLICO
   - - @0800 - 1350[I](08/08/17 to 25/11/17)
---------------------------------------------
GRABADO EN METAL
   - - @1400 - 1650[I    V](08/08/17 to 25/11/17)
---------------------------------------------
TALLER DE SERIGRAFÍA
   - - @0800 - 1050[M    J](08/08/17 to 25/11/17)
---------------------------------------------
DIBUJO Y ESPACIO
   - - @1400 - 1650[L    I](08/08/17 to 25/11/17)
---------------------------------------------
FOTO IMAGEN BIOGRAFICA Y AUTOB
   - - @0930 - 1220[L    I](08/08/17 to 25/11/17)
---------------------------------------------
INTROD. PROCESOS IMPRESIÓN
   - - @1400 - 1650[M    J](08/08/17 to 25/11/17)
---------------------------------------------
GRABADO EN RELIEVE
   - - @0930 - 1220[M    J](08/08/17 to 25/11/17)
---------------------------------------------
FOTOGRAFIA Y FICCION
   - - @1400 - 1620[L    I](08/08/17 to 25/11/17)
---------------------------------------------
VIDEO EXPERIMENTAL
   - - @0930 - 1220[M    J](08/08/17 to 25/11/17)
---------------------------------------------
COMPOSICION EN MOVIMIENTO
   - - @0800 - 1050[M    J](08/08/17 to 25/11/17)
---------------------------------------------
ARTE SCRIPTUM
   - - @1400 - 1750[I](08/08/17 to 25/11/17)
---------------------------------------------
ARTE SONORO
   - - @0930 - 1220[I    V](08/08/17 to 25/11/17)
---------------------------------------------
INSTALACION AUDIOVISUAL
   - - @0930 - 1220[L    I](08/08/17 to 25/11/17)
---------------------------------------------
MERCADOS DE ARTE
   - - @1100 - 1220[I    V](08/08/17 to 25/11/17)
---------------------------------------------
EL ARTE Y EL VESTIDO
   - - @1400 - 1650[I](08/08/17 to 25/11/17)
---------------------------------------------
VIVIR DEL ARTE
   - - @1400 - 1520[L    I](08/08/17 to 25/11/17)
---------------------------------------------
ACUARELA
   - - @1400 - 1650[M](08/08/17 to 25/11/17)
---------------------------------------------
ACUARELA
   - - @0930 - 1220[V](08/08/17 to 25/11/17)
---------------------------------------------
TALLER DE ARTE Y PATRIMONIO
   - - @0930 - 1220[V](08/08/17 to 25/11/17)
---------------------------------------------
EL MUSEO IMAGINARIO
   - - @1700 - 1820[M    J](08/08/17 to 25/11/17)
---------------------------------------------
ARTE PRISION DIALOGO SOCIAL
   - - @0800 - 1150[I](08/08/17 to 25/11/17)
---------------------------------------------
DIBUJO EXPERIMENTAL
   - - @0930 - 1220[M    J](08/08/17 to 25/11/17)
---------------------------------------------
INSTALACION
   - - @0800 - 1350[I](08/08/17 to 25/11/17)
---------------------------------------------
LIBRO ARTE
   - - @1400 - 1750[I](08/08/17 to 25/11/17)
---------------------------------------------
PINTURA EXPERIMENTAL
   - - @1400 - 1650[L    I](08/08/17 to 25/11/17)
---------------------------------------------
TALLER AVANZADO ARTES PLASTIC
   - - @0800 - 1350[J](08/08/17 to 25/11/17)
---------------------------------------------
NARRATIVA NO LINEAL
   - - @1700 - 1950[J](08/08/17 to 25/11/17)
   - - @1700 - 1950[M](08/08/17 to 25/11/17)
---------------------------------------------
ANIMACION
   - - @1400 - 1750[V](08/08/17 to 25/11/17)
---------------------------------------------
SONIDO Y ACCIONES
   - - @1100 - 1350[M    J](08/08/17 to 25/11/17)
---------------------------------------------
REDES Y CONTEXTOS
   - - @0930 - 1220[L    I](08/08/17 to 25/11/17)
---------------------------------------------
INTERACTIVIDAD Y OBJ. AUTONOMO
   - - @1400 - 1750[M](08/08/17 to 25/11/17)
---------------------------------------------
OBRA EN PROCESO
   - - @1400 - 1750[I](08/08/17 to 25/11/17)
---------------------------------------------
CURADURIA Y EVENTOS
   - - @0800 - 1050[M](08/08/17 to 25/11/17)
---------------------------------------------
TALLER DE PROYECTOS
   - - @0930 - 1220[I](08/08/17 to 25/11/17)
---------------------------------------------
TALLER ESCRITURA Y PUBLICACION
   - - @1400 - 1750[I](08/08/17 to 25/11/17)
---------------------------------------------
TALLER DE PORTAFOLIO
   - - @0800 - 1150[V](08/08/17 to 25/11/17)
---------------------------------------------
ANTEPROYECTO NUEVO
   - - @0630 - 0920[L](08/08/17 to 25/11/17)
---------------------------------------------
ANTEPROYECTO NUEVO
   - - @0930 - 1220[I](08/08/17 to 25/11/17)
---------------------------------------------
ANTEPROYECTO NUEVO
   - - @0630 - 0920[L](08/08/17 to 25/11/17)
---------------------------------------------
ANTEPROYECTO NUEVO
   - - @1400 - 1650[L](08/08/17 to 25/11/17)
---------------------------------------------
ANTEPROYECTO NUEVO
   - - @0930 - 1220[V](08/08/17 to 25/11/17)
---------------------------------------------
ANTEPROYECTO NUEVO
   - - @0930 - 1220[V](08/08/17 to 25/11/17)
---------------------------------------------
ANTEPROYECTO NUEVO
   - - @1400 - 1650[L](08/08/17 to 25/11/17)
---------------------------------------------
ANTEPROYECTO NUEVO
   - - @0800 - 0950[L](08/08/17 to 25/11/17)
---------------------------------------------
ANTEPROYECTO NUEVO
   - - @0930 - 1220[M](08/08/17 to 25/11/17)
---------------------------------------------
ANTEPROYECTO NUEVO
   - - @0930 - 1220[I](08/08/17 to 25/11/17)
---------------------------------------------
ANTEPROYECTO NUEVO
   - - @1400 - 1650[I](08/08/17 to 25/11/17)
---------------------------------------------
ANTEPROYECTO NUEVO
   - - @0800 - 1050[I](08/08/17 to 25/11/17)
---------------------------------------------
PROYECTO NUEVO PENSUM
   - - @0630 - 0920[L](08/08/17 to 25/11/17)
---------------------------------------------
PROYECTO NUEVO PENSUM
   - - @0930 - 1220[I](08/08/17 to 25/11/17)
---------------------------------------------
PROYECTO NUEVO PENSUM
   - - @0630 - 0920[L](08/08/17 to 25/11/17)
---------------------------------------------
PROYECTO NUEVO PENSUM
   - - @1400 - 1650[L](08/08/17 to 25/11/17)
---------------------------------------------
PROYECTO NUEVO PENSUM
   - - @0930 - 1220[V](08/08/17 to 25/11/17)
---------------------------------------------
PROYECTO NUEVO PENSUM
   - - @0930 - 1220[V](08/08/17 to 25/11/17)
---------------------------------------------
PROYECTO NUEVO PENSUM
   - - @1400 - 1650[L](08/08/17 to 25/11/17)
---------------------------------------------
PROYECTO NUEVO PENSUM
   - - @0800 - 0950[L](08/08/17 to 25/11/17)
---------------------------------------------
PROYECTO NUEVO PENSUM
   - - @0930 - 1220[M](08/08/17 to 25/11/17)
---------------------------------------------
PROYECTO NUEVO PENSUM
   - - @0930 - 1220[I](08/08/17 to 25/11/17)
---------------------------------------------
PROYECTO NUEVO PENSUM
   - - @1400 - 1650[I](08/08/17 to 25/11/17)
---------------------------------------------
PROYECTO NUEVO PENSUM
   - - @0800 - 1050[I](08/08/17 to 25/11/17)
---------------------------------------------
ARQUITECTURA DE NEGOCIO Y TI
   - - @1800 - 2050[I](08/08/17 to 25/11/17)
---------------------------------------------
ARQUITECTURA EMPRESARIAL
   - - @1800 - 2050[L](08/08/17 to 25/11/17)
---------------------------------------------
POWER PEOPLE
   - - @1800 - 2050[J](08/08/17 to 25/11/17)
---------------------------------------------
ARQUITECTURA DE SOLUCION
   - - @1800 - 2050[M](08/08/17 to 25/11/17)
---------------------------------------------
ARQUITECTURA DE INFORMACIÓN
   - - @1800 - 2050[J](08/08/17 to 25/11/17)
---------------------------------------------
ARQUITECTURA DE SEGURIDAD
   - - @1800 - 2050[M](08/08/17 to 25/11/17)
---------------------------------------------
ARQUITECTURA PROCESOS NEGOCIO
   - - @1800 - 2050[M](08/08/17 to 25/11/17)
---------------------------------------------
PROYECTO FINAL
   - - @1800 - 2050[L](08/08/17 to 25/11/17)